Configuring taglib-0.1.1...
Building taglib-0.1.1...
Preprocessing library taglib-0.1.1...
[1 of 1] Compiling Sound.TagLib     ( src/Sound/TagLib.hs, .stack-work/dist/x86_64-linux-tinfo6-nopie/Cabal-1.24.2.0/build/Sound/TagLib.o )
Running Haddock for taglib-0.1.1...
Preprocessing library taglib-0.1.1...
Haddock coverage:
  91% ( 29 / 32) in 'Sound.TagLib'
  Missing documentation for:
    AudioProperties (src/Sound/TagLib.hs:69)
    Tag (src/Sound/TagLib.hs:73)
    TagFile (src/Sound/TagLib.hs:67)
Warning: Sound.TagLib: could not find link destinations for:
    Void
Documentation created:
.stack-work/dist/x86_64-linux-tinfo6-nopie/Cabal-1.24.2.0/doc/html/taglib/index.html,
.stack-work/dist/x86_64-linux-tinfo6-nopie/Cabal-1.24.2.0/doc/html/taglib/taglib.txt
Installing library in
/home/robin/Workspaces/atom/haskell_project/studienarbeit-mp3-formatter/.stack-work/install/x86_64-linux-tinfo6-nopie/lts-9.17/8.0.2/lib/x86_64-linux-ghc-8.0.2/taglib-0.1.1-BJkAvVQjvMIK66XwY02FGr
Registering taglib-0.1.1...
